\BOOKMARK [1][-]{section.1}{Introduction }{}% 1
\BOOKMARK [1][-]{section.2}{Estimating international transport costs}{}% 2
\BOOKMARK [2][-]{subsection.2.1}{Data}{section.2}% 3
\BOOKMARK [2][-]{subsection.2.2}{Estimating transport costs: Empirical specification}{section.2}% 4
\BOOKMARK [2][-]{subsection.2.3}{Estimating results: The importance of the additive component }{section.2}% 5
\BOOKMARK [1][-]{section.3}{Transport costs time trends: The role of the additive component}{}% 6
\BOOKMARK [2][-]{subsection.3.1}{A first look at the trend patterns}{section.3}% 7
\BOOKMARK [2][-]{subsection.3.2}{Empirical specification}{section.3}% 8
\BOOKMARK [3][-]{subsubsection.3.2.1}{Estimation strategy}{subsection.3.2}% 9
\BOOKMARK [3][-]{subsubsection.3.2.2}{Estimation method for each additive and multiplicative component}{subsection.3.2}% 10
\BOOKMARK [3][-]{subsubsection.3.2.3}{Estimation method for the total transport cost measures}{subsection.3.2}% 11
\BOOKMARK [2][-]{subsection.3.3}{Characterizing the time trends in transport costs}{section.3}% 12
\BOOKMARK [2][-]{subsection.3.4}{Time trends in transport costs and the modeling of the additive component}{section.3}% 13
\BOOKMARK [1][-]{section.4}{Robustness analysis }{}% 14
\BOOKMARK [2][-]{subsection.4.1}{Robustness to the separability assumption}{section.4}% 15
\BOOKMARK [2][-]{subsection.4.2}{Robustness to the weighting scheme }{section.4}% 16
\BOOKMARK [1][-]{section.5}{Conclusion }{}% 17
\BOOKMARK [1][-]{appendix.A}{Data Appendix }{}% 18
\BOOKMARK [1][-]{appendix.B}{Estimation at the 3-digit classification level }{}% 19
\BOOKMARK [2][-]{subsection.B.1}{Transport costs estimates: More detailed results}{appendix.B}% 20
\BOOKMARK [2][-]{subsection.B.2}{Assessing the importance of additive transport costs }{appendix.B}% 21
\BOOKMARK [2][-]{subsection.B.3}{Variance decomposition exercise }{appendix.B}% 22
\BOOKMARK [1][-]{appendix.C}{Estimation at the 4-digit level }{}% 23
\BOOKMARK [2][-]{subsection.C.1}{Transport cost estimates}{appendix.C}% 24
\BOOKMARK [2][-]{subsection.C.2}{Goodness-of-fit tests at the 4-digit level}{appendix.C}% 25
\BOOKMARK [1][-]{appendix.D}{Eliminating the composition effects: More details }{}% 26
\BOOKMARK [2][-]{subsection.D.1}{More on our methodology}{appendix.D}% 27
\BOOKMARK [3][-]{subsubsection.D.1.1}{Additive and ad-valorem transport costs: Excluding the composition effects}{subsection.D.1}% 28
\BOOKMARK [2][-]{subsection.D.2}{Comparing with hummels2007 }{appendix.D}% 29
