\BOOKMARK [1][-]{section.1}{Introduction }{}% 1
\BOOKMARK [1][-]{section.2}{Data Sources and Empirical Methodology }{}% 2
\BOOKMARK [2][-]{subsection.2.1}{A measure of transportation costs}{section.2}% 3
\BOOKMARK [2][-]{subsection.2.2}{Empirical specification}{section.2}% 4
\BOOKMARK [1][-]{section.3}{Decomposing Transport Costs: The importance of the additive component }{}% 5
\BOOKMARK [2][-]{subsection.3.1}{Decomposing transport costs over 1974-2013}{section.3}% 6
\BOOKMARK [2][-]{subsection.3.2}{Assessing the importance of additive transport costs}{section.3}% 7
\BOOKMARK [1][-]{section.4}{Transport Costs time trends: The role of the additive component}{}% 8
\BOOKMARK [2][-]{subsection.4.1}{Estimation strategy}{section.4}% 9
\BOOKMARK [2][-]{subsection.4.2}{Empirical specification}{section.4}% 10
\BOOKMARK [2][-]{subsection.4.3}{Characterizing the time trends in transport costs}{section.4}% 11
\BOOKMARK [2][-]{subsection.4.4}{Time trends in transport costs and the modeling of the additive component}{section.4}% 12
\BOOKMARK [1][-]{section.5}{Time trends in transport costs: Robustness to the weighting scheme }{}% 13
\BOOKMARK [1][-]{section.6}{Conclusion }{}% 14
\BOOKMARK [1][-]{appendix.A}{Data Appendix }{}% 15
\BOOKMARK [1][-]{appendix.B}{Estimation at the 3-digit classification level }{}% 16
\BOOKMARK [2][-]{subsection.B.1}{Transport costs estimates: More detailed results}{appendix.B}% 17
\BOOKMARK [2][-]{subsection.B.2}{Variance decomposition exercise }{appendix.B}% 18
\BOOKMARK [1][-]{appendix.C}{Estimation at the 4-digit level }{}% 19
\BOOKMARK [2][-]{subsection.C.1}{Transport cost estimates}{appendix.C}% 20
\BOOKMARK [2][-]{subsection.C.2}{Goodness-of-fit tests at the 4-digit level}{appendix.C}% 21
\BOOKMARK [1][-]{appendix.D}{Eliminating the composition effects: More details }{}% 22
\BOOKMARK [2][-]{subsection.D.1}{More on our methodology}{appendix.D}% 23
\BOOKMARK [3][-]{subsubsection.D.1.1}{Additive and ad-valorem transport costs: Excluding the composition effects}{subsection.D.1}% 24
\BOOKMARK [3][-]{subsubsection.D.1.2}{For the total cost measure}{subsection.D.1}% 25
\BOOKMARK [2][-]{subsection.D.2}{Comparing with hummels2007 }{appendix.D}% 26
