\BOOKMARK [1][-]{section.1}{Introduction }{}% 1
\BOOKMARK [1][-]{section.2}{Estimating international transport costs}{}% 2
\BOOKMARK [2][-]{subsection.2.1}{Data}{section.2}% 3
\BOOKMARK [2][-]{subsection.2.2}{Estimating transport costs: empirical specification}{section.2}% 4
\BOOKMARK [2][-]{subsection.2.3}{The importance of the additive component }{section.2}% 5
\BOOKMARK [1][-]{section.3}{Transport costs time trends: the role of the additive component}{}% 6
\BOOKMARK [2][-]{subsection.3.1}{A first look at the trend patterns}{section.3}% 7
\BOOKMARK [2][-]{subsection.3.2}{Empirical specification}{section.3}% 8
\BOOKMARK [3][-]{subsubsection.3.2.1}{Estimation strategy}{subsection.3.2}% 9
\BOOKMARK [3][-]{subsubsection.3.2.2}{Estimation method for each additive and multiplicative component}{subsection.3.2}% 10
\BOOKMARK [3][-]{subsubsection.3.2.3}{Estimation method for the total transport cost measures}{subsection.3.2}% 11
\BOOKMARK [2][-]{subsection.3.3}{Characterizing the time trends in transport costs}{section.3}% 12
\BOOKMARK [2][-]{subsection.3.4}{Time trends in transport costs and the modeling of the additive component}{section.3}% 13
\BOOKMARK [1][-]{section.4}{Robustness analysis }{}% 14
\BOOKMARK [2][-]{subsection.4.1}{Robustness to the separability assumption}{section.4}% 15
\BOOKMARK [2][-]{subsection.4.2}{Robustness to the weighting scheme }{section.4}% 16
\BOOKMARK [2][-]{subsection.4.3}{Endogeneity concerns}{section.4}% 17
\BOOKMARK [1][-]{section.5}{The role of additive cost: Theoretical insights}{}% 18
\BOOKMARK [2][-]{subsection.5.1}{The model}{section.5}% 19
\BOOKMARK [3][-]{subsubsection.5.1.1}{Households}{subsection.5.1}% 20
\BOOKMARK [3][-]{subsubsection.5.1.2}{Firms behavior}{subsection.5.1}% 21
\BOOKMARK [3][-]{subsubsection.5.1.3}{Aggregation, firm entry and exit}{subsection.5.1}% 22
\BOOKMARK [2][-]{subsection.5.2}{Calibration}{section.5}% 23
\BOOKMARK [2][-]{subsection.5.3}{Trade liberalization: The importance of additive costs}{section.5}% 24
\BOOKMARK [3][-]{subsubsection.5.3.1}{Reducing international transport costs}{subsection.5.3}% 25
\BOOKMARK [1][-]{section.6}{Conclusion }{}% 26
\BOOKMARK [1][-]{appendix.A}{Data Appendix }{}% 27
\BOOKMARK [1][-]{appendix.B}{Estimation at the 3-digit classification level }{}% 28
\BOOKMARK [2][-]{subsection.B.1}{Transport costs estimates: More detailed results}{appendix.B}% 29
\BOOKMARK [2][-]{subsection.B.2}{Assessing the importance of additive transport costs }{appendix.B}% 30
\BOOKMARK [2][-]{subsection.B.3}{Variance decomposition exercise }{appendix.B}% 31
\BOOKMARK [2][-]{subsection.B.4}{IV estimates: First stage }{appendix.B}% 32
\BOOKMARK [1][-]{appendix.C}{Estimation at the 4-digit level }{}% 33
\BOOKMARK [2][-]{subsection.C.1}{Transport cost estimates}{appendix.C}% 34
\BOOKMARK [2][-]{subsection.C.2}{Goodness-of-fit tests at the 4-digit level}{appendix.C}% 35
\BOOKMARK [1][-]{appendix.D}{Eliminating the composition effects: more details }{}% 36
\BOOKMARK [2][-]{subsection.D.1}{More on our methodology}{appendix.D}% 37
\BOOKMARK [3][-]{subsubsection.D.1.1}{Additive and ad-valorem transport costs: excluding the composition effects}{subsection.D.1}% 38
\BOOKMARK [2][-]{subsection.D.2}{Comparing with hummels2007 }{appendix.D}% 39
\BOOKMARK [1][-]{appendix.E}{More on the model }{}% 40
\BOOKMARK [2][-]{subsection.E.1}{Solving the general equilibrium}{appendix.E}% 41
\BOOKMARK [3][-]{subsubsection.E.1.1}{Summary}{subsection.E.1}% 42
\BOOKMARK [2][-]{subsection.E.2}{With a Pareto distribution}{appendix.E}% 43
