This is pdfTeX, Version 3.14159265-2.6-1.40.21 (TeX Live 2020) (preloaded format=pdflatex 2020.5.1)  29 JUL 2021 22:15
entering extended mode
 restricted \write18 enabled.
 %&-line parsing enabled.
**DHP_JoEG_rev1.tex
(./DHP_JoEG_rev1.tex
LaTeX2e <2020-02-02> patch level 5
L3 programming layer <2020-03-06>
(/usr/local/texlive/2020/texmf-dist/tex/latex/base/article.cls
Document Class: article 2019/12/20 v1.4l Standard LaTeX document class
(/usr/local/texlive/2020/texmf-dist/tex/latex/base/size11.clo
File: size11.clo 2019/12/20 v1.4l Standard LaTeX file (size option)
)
\c@part=\count167
\c@section=\count168
\c@subsection=\count169
\c@subsubsection=\count170
\c@paragraph=\count171
\c@subparagraph=\count172
\c@figure=\count173
\c@table=\count174
\abovecaptionskip=\skip47
\belowcaptionskip=\skip48
\bibindent=\dimen134
)
(/usr/local/texlive/2020/texmf-dist/tex/latex/amsmath/amsmath.sty
Package: amsmath 2020/01/20 v2.17e AMS math features
\@mathmargin=\skip49

For additional information on amsmath, use the `?' option.
(/usr/local/texlive/2020/texmf-dist/tex/latex/amsmath/amstext.sty
Package: amstext 2000/06/29 v2.01 AMS text

(/usr/local/texlive/2020/texmf-dist/tex/latex/amsmath/amsgen.sty
File: amsgen.sty 1999/11/30 v2.0 generic functions
\@emptytoks=\toks15
\ex@=\dimen135
))
(/usr/local/texlive/2020/texmf-dist/tex/latex/amsmath/amsbsy.sty
Package: amsbsy 1999/11/29 v1.2d Bold Symbols
\pmbraise@=\dimen136
)
(/usr/local/texlive/2020/texmf-dist/tex/latex/amsmath/amsopn.sty
Package: amsopn 2016/03/08 v2.02 operator names
)
\inf@bad=\count175
LaTeX Info: Redefining \frac on input line 227.
\uproot@=\count176
\leftroot@=\count177
LaTeX Info: Redefining \overline on input line 389.
\classnum@=\count178
\DOTSCASE@=\count179
LaTeX Info: Redefining \ldots on input line 486.
LaTeX Info: Redefining \dots on input line 489.
LaTeX Info: Redefining \cdots on input line 610.
\Mathstrutbox@=\box45
\strutbox@=\box46
\big@size=\dimen137
LaTeX Font Info:    Redeclaring font encoding OML on input line 733.
LaTeX Font Info:    Redeclaring font encoding OMS on input line 734.
\macc@depth=\count180
\c@MaxMatrixCols=\count181
\dotsspace@=\muskip16
\c@parentequation=\count182
\dspbrk@lvl=\count183
\tag@help=\toks16
\row@=\count184
\column@=\count185
\maxfields@=\count186
\andhelp@=\toks17
\eqnshift@=\dimen138
\alignsep@=\dimen139
\tagshift@=\dimen140
\tagwidth@=\dimen141
\totwidth@=\dimen142
\lineht@=\dimen143
\@envbody=\toks18
\multlinegap=\skip50
\multlinetaggap=\skip51
\mathdisplay@stack=\toks19
LaTeX Info: Redefining \[ on input line 2859.
LaTeX Info: Redefining \] on input line 2860.
)
(/usr/local/texlive/2020/texmf-dist/tex/latex/graphics/rotating.sty
Package: rotating 2016/08/11 v2.16d rotated objects in LaTeX

(/usr/local/texlive/2020/texmf-dist/tex/latex/graphics/graphicx.sty
Package: graphicx 2019/11/30 v1.2a Enhanced LaTeX Graphics (DPC,SPQR)

(/usr/local/texlive/2020/texmf-dist/tex/latex/graphics/keyval.sty
Package: keyval 2014/10/28 v1.15 key=value parser (DPC)
\KV@toks@=\toks20
)
(/usr/local/texlive/2020/texmf-dist/tex/latex/graphics/graphics.sty
Package: graphics 2019/11/30 v1.4a Standard LaTeX Graphics (DPC,SPQR)

(/usr/local/texlive/2020/texmf-dist/tex/latex/graphics/trig.sty
Package: trig 2016/01/03 v1.10 sin cos tan (DPC)
)
(/usr/local/texlive/2020/texmf-dist/tex/latex/graphics-cfg/graphics.cfg
File: graphics.cfg 2016/06/04 v1.11 sample graphics configuration
)
Package graphics Info: Driver file: pdftex.def on input line 105.

(/usr/local/texlive/2020/texmf-dist/tex/latex/graphics-def/pdftex.def
File: pdftex.def 2018/01/08 v1.0l Graphics/color driver for pdftex
))
\Gin@req@height=\dimen144
\Gin@req@width=\dimen145
)
(/usr/local/texlive/2020/texmf-dist/tex/latex/base/ifthen.sty
Package: ifthen 2014/09/29 v1.1c Standard LaTeX ifthen package (DPC)
)
\c@r@tfl@t=\count187
\rotFPtop=\skip52
\rotFPbot=\skip53
\rot@float@box=\box47
\rot@mess@toks=\toks21
)
(/usr/local/texlive/2020/texmf-dist/tex/latex/setspace/setspace.sty
Package: setspace 2011/12/19 v6.7a set line spacing
)
(/usr/local/texlive/2020/texmf-dist/tex/latex/graphics/lscape.sty
Package: lscape 2000/10/22 v3.01 Landscape Pages (DPC)
)
(/usr/local/texlive/2020/texmf-dist/tex/latex/natbib/natbib.sty
Package: natbib 2010/09/13 8.31b (PWD, AO)
\bibhang=\skip54
\bibsep=\skip55
LaTeX Info: Redefining \cite on input line 694.
\c@NAT@ctr=\count188
)
(/usr/local/texlive/2020/texmf-dist/tex/latex/multirow/multirow.sty
Package: multirow 2019/05/31 v2.5 Span multiple rows of a table
\multirow@colwidth=\skip56
\multirow@cntb=\count189
\multirow@dima=\skip57
\bigstrutjot=\dimen146
)
(/usr/local/texlive/2020/texmf-dist/tex/latex/vmargin/vmargin.sty
Package: vmargin 2004/07/15 V2.5 set document margins (VK)

Package: vmargin 2004/07/15 V2.5 set document margins (VK)
\PaperWidth=\dimen147
\PaperHeight=\dimen148
) (/usr/local/texlive/2020/texmf-dist/tex/latex/epstopdf-pkg/epstopdf.sty
Package: epstopdf 2020-01-24 v2.11 Conversion with epstopdf on the fly (HO)

(/usr/local/texlive/2020/texmf-dist/tex/generic/infwarerr/infwarerr.sty
Package: infwarerr 2019/12/03 v1.5 Providing info/warning/error messages (HO)
)
(/usr/local/texlive/2020/texmf-dist/tex/latex/grfext/grfext.sty
Package: grfext 2019/12/03 v1.3 Manage graphics extensions (HO)

(/usr/local/texlive/2020/texmf-dist/tex/generic/kvdefinekeys/kvdefinekeys.sty
Package: kvdefinekeys 2019-12-19 v1.6 Define keys (HO)
)) (/usr/local/texlive/2020/texmf-dist/tex/latex/kvoptions/kvoptions.sty
Package: kvoptions 2019/11/29 v3.13 Key value format for package options (HO)

(/usr/local/texlive/2020/texmf-dist/tex/generic/ltxcmds/ltxcmds.sty
Package: ltxcmds 2019/12/15 v1.24 LaTeX kernel commands for general use (HO)
)
(/usr/local/texlive/2020/texmf-dist/tex/generic/kvsetkeys/kvsetkeys.sty
Package: kvsetkeys 2019/12/15 v1.18 Key value parser (HO)
))
(/usr/local/texlive/2020/texmf-dist/tex/latex/pdftexcmds/pdftexcmds.sty
Package: pdftexcmds 2019/11/24 v0.31 Utility functions of pdfTeX for LuaTeX (HO
)

(/usr/local/texlive/2020/texmf-dist/tex/generic/iftex/iftex.sty
Package: iftex 2020/03/06 v1.0d TeX engine tests
)
Package pdftexcmds Info: \pdf@primitive is available.
Package pdftexcmds Info: \pdf@ifprimitive is available.
Package pdftexcmds Info: \pdfdraftmode found.
)
(/usr/local/texlive/2020/texmf-dist/tex/latex/epstopdf-pkg/epstopdf-base.sty
Package: epstopdf-base 2020-01-24 v2.11 Base part for package epstopdf
Package epstopdf-base Info: Redefining graphics rule for `.eps' on input line 4
85.
Package grfext Info: Graphics extension search list:
(grfext)             [.pdf,.png,.jpg,.mps,.jpeg,.jbig2,.jb2,.PDF,.PNG,.JPG,.JPE
G,.JBIG2,.JB2,.eps]
(grfext)             \AppendGraphicsExtensions on input line 504.

(/usr/local/texlive/2020/texmf-dist/tex/latex/latexconfig/epstopdf-sys.cfg
File: epstopdf-sys.cfg 2010/07/13 v1.3 Configuration of (r)epstopdf for TeX Liv
e
)))
(/usr/local/texlive/2020/texmf-dist/tex/latex/hyperref/hyperref.sty
Package: hyperref 2020/01/14 v7.00d Hypertext links for LaTeX

(/usr/local/texlive/2020/texmf-dist/tex/generic/pdfescape/pdfescape.sty
Package: pdfescape 2019/12/09 v1.15 Implements pdfTeX's escape features (HO)
)
(/usr/local/texlive/2020/texmf-dist/tex/latex/hycolor/hycolor.sty
Package: hycolor 2020-01-27 v1.10 Color options for hyperref/bookmark (HO)
)
(/usr/local/texlive/2020/texmf-dist/tex/latex/letltxmacro/letltxmacro.sty
Package: letltxmacro 2019/12/03 v1.6 Let assignment for LaTeX macros (HO)
)
(/usr/local/texlive/2020/texmf-dist/tex/latex/auxhook/auxhook.sty
Package: auxhook 2019-12-17 v1.6 Hooks for auxiliary files (HO)
)
\@linkdim=\dimen149
\Hy@linkcounter=\count190
\Hy@pagecounter=\count191

(/usr/local/texlive/2020/texmf-dist/tex/latex/hyperref/pd1enc.def
File: pd1enc.def 2020/01/14 v7.00d Hyperref: PDFDocEncoding definition (HO)
Now handling font encoding PD1 ...
... no UTF-8 mapping file for font encoding PD1
)
(/usr/local/texlive/2020/texmf-dist/tex/generic/intcalc/intcalc.sty
Package: intcalc 2019/12/15 v1.3 Expandable calculations with integers (HO)
)
(/usr/local/texlive/2020/texmf-dist/tex/generic/etexcmds/etexcmds.sty
Package: etexcmds 2019/12/15 v1.7 Avoid name clashes with e-TeX commands (HO)
)
\Hy@SavedSpaceFactor=\count192
Package hyperref Info: Hyper figures OFF on input line 4547.
Package hyperref Info: Link nesting OFF on input line 4552.
Package hyperref Info: Hyper index ON on input line 4555.
Package hyperref Info: Plain pages OFF on input line 4562.
Package hyperref Info: Backreferencing OFF on input line 4567.
Package hyperref Info: Implicit mode ON; LaTeX internals redefined.
Package hyperref Info: Bookmarks ON on input line 4800.
\c@Hy@tempcnt=\count193

(/usr/local/texlive/2020/texmf-dist/tex/latex/url/url.sty
\Urlmuskip=\muskip17
Package: url 2013/09/16  ver 3.4  Verb mode for urls, etc.
)
LaTeX Info: Redefining \url on input line 5159.
\XeTeXLinkMargin=\dimen150

(/usr/local/texlive/2020/texmf-dist/tex/generic/bitset/bitset.sty
Package: bitset 2019/12/09 v1.3 Handle bit-vector datatype (HO)

(/usr/local/texlive/2020/texmf-dist/tex/generic/bigintcalc/bigintcalc.sty
Package: bigintcalc 2019/12/15 v1.5 Expandable calculations on big integers (HO
)
))
\Fld@menulength=\count194
\Field@Width=\dimen151
\Fld@charsize=\dimen152
Package hyperref Info: Hyper figures OFF on input line 6430.
Package hyperref Info: Link nesting OFF on input line 6435.
Package hyperref Info: Hyper index ON on input line 6438.
Package hyperref Info: backreferencing OFF on input line 6445.
Package hyperref Info: Link coloring OFF on input line 6450.
Package hyperref Info: Link coloring with OCG OFF on input line 6455.
Package hyperref Info: PDF/A mode OFF on input line 6460.
LaTeX Info: Redefining \ref on input line 6500.
LaTeX Info: Redefining \pageref on input line 6504.

(/usr/local/texlive/2020/texmf-dist/tex/generic/atbegshi/atbegshi.sty
Package: atbegshi 2019/12/05 v1.19 At begin shipout hook (HO)
)
\Hy@abspage=\count195
\c@Item=\count196
\c@Hfootnote=\count197
)
Package hyperref Info: Driver (autodetected): hpdftex.

(/usr/local/texlive/2020/texmf-dist/tex/latex/hyperref/hpdftex.def
File: hpdftex.def 2020/01/14 v7.00d Hyperref driver for pdfTeX

(/usr/local/texlive/2020/texmf-dist/tex/latex/atveryend/atveryend.sty
Package: atveryend 2019-12-11 v1.11 Hooks at the very end of document (HO)
Package atveryend Info: \enddocument detected (standard20110627).
)
\Fld@listcount=\count198
\c@bookmark@seq@number=\count199

(/usr/local/texlive/2020/texmf-dist/tex/latex/rerunfilecheck/rerunfilecheck.sty
Package: rerunfilecheck 2019/12/05 v1.9 Rerun checks for auxiliary files (HO)

(/usr/local/texlive/2020/texmf-dist/tex/generic/uniquecounter/uniquecounter.sty
Package: uniquecounter 2019/12/15 v1.4 Provide unlimited unique counter (HO)
)
Package uniquecounter Info: New unique counter `rerunfilecheck' on input line 2
86.
)
\Hy@SectionHShift=\skip58
) (/usr/local/texlive/2020/texmf-dist/tex/latex/float/float.sty
Package: float 2001/11/08 v1.3d Float enhancements (AL)
\c@float@type=\count266
\float@exts=\toks22
\float@box=\box48
\@float@everytoks=\toks23
\@floatcapt=\box49
)
(/usr/local/texlive/2020/texmf-dist/tex/latex/caption/caption.sty
Package: caption 2020/01/03 v3.4h Customizing captions (AR)

(/usr/local/texlive/2020/texmf-dist/tex/latex/caption/caption3.sty
Package: caption3 2020/01/03 v1.8h caption3 kernel (AR)
Package caption3 Info: TeX engine: e-TeX on input line 61.
\captionmargin=\dimen153
\captionmargin@=\dimen154
\captionwidth=\dimen155
\caption@tempdima=\dimen156
\caption@indent=\dimen157
\caption@parindent=\dimen158
\caption@hangindent=\dimen159
Package caption Info: Standard document class detected.
)
\c@caption@flags=\count267
\c@continuedfloat=\count268
Package caption Info: float package is loaded.
Package caption Info: hyperref package is loaded.
Package caption Info: rotating package is loaded.
)
(/usr/local/texlive/2020/texmf-dist/tex/latex/amsfonts/amsfonts.sty
Package: amsfonts 2013/01/14 v3.01 Basic AMSFonts support
\symAMSa=\mathgroup4
\symAMSb=\mathgroup5
LaTeX Font Info:    Redeclaring math symbol \hbar on input line 98.
LaTeX Font Info:    Overwriting math alphabet `\mathfrak' in version `bold'
(Font)                  U/euf/m/n --> U/euf/b/n on input line 106.
)
(/usr/local/texlive/2020/texmf-dist/tex/latex/bbold/bbold.sty
Package: bbold 1994/04/06 Bbold symbol package
LaTeX Font Info:    Redeclaring math alphabet \mathbb on input line 42.
)
(/usr/local/texlive/2020/texmf-dist/tex/generic/babel/babel.sty
Package: babel 2020/03/22 3.42 The Babel package

(/usr/local/texlive/2020/texmf-dist/tex/generic/babel/switch.def
File: switch.def 2020/03/22 3.42 Babel switching mechanism
)
Package babel Info: You haven't specified a language. I'll use 'nil'
(babel)             as the main language. Reported on input line 573.

(/usr/local/texlive/2020/texmf-dist/tex/generic/babel/nil.ldf
Language: nil 2020/03/22 3.42 Nil language

(/usr/local/texlive/2020/texmf-dist/tex/generic/babel/babel.def
File: babel.def 2020/03/22 3.42 Babel common definitions
\babel@savecnt=\count269
\U@D=\dimen160

(/usr/local/texlive/2020/texmf-dist/tex/generic/babel/txtbabel.def)
\bbl@readstream=\read2
\bbl@dirlevel=\count270
)
\l@nil=\language86
))
(/usr/local/texlive/2020/texmf-dist/tex/latex/tools/varioref.sty
Package: varioref 2020/01/23 v1.6c package for extended references (FMi)
\c@vrcnt=\count271
)
(/usr/local/texlive/2020/texmf-dist/tex/latex/bbm-macros/bbm.sty
Package: bbm 1999/03/15 V 1.2 provides fonts for set symbols - TH
LaTeX Font Info:    Overwriting math alphabet `\mathbbm' in version `bold'
(Font)                  U/bbm/m/n --> U/bbm/bx/n on input line 33.
LaTeX Font Info:    Overwriting math alphabet `\mathbbmss' in version `bold'
(Font)                  U/bbmss/m/n --> U/bbmss/bx/n on input line 35.
)
(/usr/local/texlive/2020/texmf-dist/tex/latex/threeparttable/threeparttable.sty
Package: threeparttable 2003/06/13  v 3.0
\@tempboxb=\box50
) (/usr/local/texlive/2020/texmf-dist/tex/latex/was/upgreek.sty
Package: upgreek 2003/02/12 v2.0 (WaS)
Package upgreek Info: Using Euler Roman for upright Greek on input line 31.
\symugrf@m=\mathgroup6
LaTeX Font Info:    Overwriting symbol font `ugrf@m' in version `bold'
(Font)                  U/eur/m/n --> U/eur/b/n on input line 38.
)
(/usr/local/texlive/2020/texmf-dist/tex/latex/comment/comment.sty
\CommentStream=\write3

Excluding comment 'comment') Include comment 'commentGD'
(/usr/local/texlive/2020/texmf-dist/tex/latex/todonotes/todonotes.sty
Package: todonotes 2019/01/24 v1.1.2 Todonotes source and documentation.
Package: todonotes 2018/11/22

(/usr/local/texlive/2020/texmf-dist/tex/latex/xkeyval/xkeyval.sty
Package: xkeyval 2014/12/03 v2.7a package option processing (HA)

(/usr/local/texlive/2020/texmf-dist/tex/generic/xkeyval/xkeyval.tex
(/usr/local/texlive/2020/texmf-dist/tex/generic/xkeyval/xkvutils.tex
\XKV@toks=\toks24
\XKV@tempa@toks=\toks25
)
\XKV@depth=\count272
File: xkeyval.tex 2014/12/03 v2.7a key=value parser (HA)
))
(/usr/local/texlive/2020/texmf-dist/tex/latex/xcolor/xcolor.sty
Package: xcolor 2016/05/11 v2.12 LaTeX color extensions (UK)

(/usr/local/texlive/2020/texmf-dist/tex/latex/graphics-cfg/color.cfg
File: color.cfg 2016/01/02 v1.6 sample color configuration
)
Package xcolor Info: Driver file: pdftex.def on input line 225.
Package xcolor Info: Model `cmy' substituted by `cmy0' on input line 1348.
Package xcolor Info: Model `hsb' substituted by `rgb' on input line 1352.
Package xcolor Info: Model `RGB' extended on input line 1364.
Package xcolor Info: Model `HTML' substituted by `rgb' on input line 1366.
Package xcolor Info: Model `Hsb' substituted by `hsb' on input line 1367.
Package xcolor Info: Model `tHsb' substituted by `hsb' on input line 1368.
Package xcolor Info: Model `HSB' substituted by `hsb' on input line 1369.
Package xcolor Info: Model `Gray' substituted by `gray' on input line 1370.
Package xcolor Info: Model `wave' substituted by `hsb' on input line 1371.
)
(/usr/local/texlive/2020/texmf-dist/tex/latex/pgf/frontendlayer/tikz.sty
(/usr/local/texlive/2020/texmf-dist/tex/latex/pgf/basiclayer/pgf.sty
(/usr/local/texlive/2020/texmf-dist/tex/latex/pgf/utilities/pgfrcs.sty
(/usr/local/texlive/2020/texmf-dist/tex/generic/pgf/utilities/pgfutil-common.te
x
\pgfutil@everybye=\toks26
\pgfutil@tempdima=\dimen161
\pgfutil@tempdimb=\dimen162

(/usr/local/texlive/2020/texmf-dist/tex/generic/pgf/utilities/pgfutil-common-li
sts.tex))
(/usr/local/texlive/2020/texmf-dist/tex/generic/pgf/utilities/pgfutil-latex.def
\pgfutil@abb=\box51
(/usr/local/texlive/2020/texmf-dist/tex/latex/ms/everyshi.sty
Package: everyshi 2001/05/15 v3.00 EveryShipout Package (MS)
))
(/usr/local/texlive/2020/texmf-dist/tex/generic/pgf/utilities/pgfrcs.code.tex
(/usr/local/texlive/2020/texmf-dist/tex/generic/pgf/pgf.revision.tex)
Package: pgfrcs 2020/01/08 v3.1.5b (3.1.5b)
))
Package: pgf 2020/01/08 v3.1.5b (3.1.5b)

(/usr/local/texlive/2020/texmf-dist/tex/latex/pgf/basiclayer/pgfcore.sty
(/usr/local/texlive/2020/texmf-dist/tex/latex/pgf/systemlayer/pgfsys.sty
(/usr/local/texlive/2020/texmf-dist/tex/generic/pgf/systemlayer/pgfsys.code.tex
Package: pgfsys 2020/01/08 v3.1.5b (3.1.5b)
(/usr/local/texlive/2020/texmf-dist/tex/generic/pgf/utilities/pgfkeys.code.tex
\pgfkeys@pathtoks=\toks27
\pgfkeys@temptoks=\toks28

(/usr/local/texlive/2020/texmf-dist/tex/generic/pgf/utilities/pgfkeysfiltered.c
ode.tex
\pgfkeys@tmptoks=\toks29
))
\pgf@x=\dimen163
\pgf@y=\dimen164
\pgf@xa=\dimen165
\pgf@ya=\dimen166
\pgf@xb=\dimen167
\pgf@yb=\dimen168
\pgf@xc=\dimen169
\pgf@yc=\dimen170
\pgf@xd=\dimen171
\pgf@yd=\dimen172
\w@pgf@writea=\write4
\r@pgf@reada=\read3
\c@pgf@counta=\count273
\c@pgf@countb=\count274
\c@pgf@countc=\count275
\c@pgf@countd=\count276
\t@pgf@toka=\toks30
\t@pgf@tokb=\toks31
\t@pgf@tokc=\toks32
\pgf@sys@id@count=\count277

(/usr/local/texlive/2020/texmf-dist/tex/generic/pgf/systemlayer/pgf.cfg
File: pgf.cfg 2020/01/08 v3.1.5b (3.1.5b)
)
Driver file for pgf: pgfsys-pdftex.def

(/usr/local/texlive/2020/texmf-dist/tex/generic/pgf/systemlayer/pgfsys-pdftex.d
ef
File: pgfsys-pdftex.def 2020/01/08 v3.1.5b (3.1.5b)

(/usr/local/texlive/2020/texmf-dist/tex/generic/pgf/systemlayer/pgfsys-common-p
df.def
File: pgfsys-common-pdf.def 2020/01/08 v3.1.5b (3.1.5b)
)))
(/usr/local/texlive/2020/texmf-dist/tex/generic/pgf/systemlayer/pgfsyssoftpath.
code.tex
File: pgfsyssoftpath.code.tex 2020/01/08 v3.1.5b (3.1.5b)
\pgfsyssoftpath@smallbuffer@items=\count278
\pgfsyssoftpath@bigbuffer@items=\count279
)
(/usr/local/texlive/2020/texmf-dist/tex/generic/pgf/systemlayer/pgfsysprotocol.
code.tex
File: pgfsysprotocol.code.tex 2020/01/08 v3.1.5b (3.1.5b)
))
(/usr/local/texlive/2020/texmf-dist/tex/generic/pgf/basiclayer/pgfcore.code.tex
Package: pgfcore 2020/01/08 v3.1.5b (3.1.5b)
(/usr/local/texlive/2020/texmf-dist/tex/generic/pgf/math/pgfmath.code.tex
(/usr/local/texlive/2020/texmf-dist/tex/generic/pgf/math/pgfmathcalc.code.tex
(/usr/local/texlive/2020/texmf-dist/tex/generic/pgf/math/pgfmathutil.code.tex)
(/usr/local/texlive/2020/texmf-dist/tex/generic/pgf/math/pgfmathparser.code.tex
\pgfmath@dimen=\dimen173
\pgfmath@count=\count280
\pgfmath@box=\box52
\pgfmath@toks=\toks33
\pgfmath@stack@operand=\toks34
\pgfmath@stack@operation=\toks35
)
(/usr/local/texlive/2020/texmf-dist/tex/generic/pgf/math/pgfmathfunctions.code.
tex
(/usr/local/texlive/2020/texmf-dist/tex/generic/pgf/math/pgfmathfunctions.basic
.code.tex)
(/usr/local/texlive/2020/texmf-dist/tex/generic/pgf/math/pgfmathfunctions.trigo
nometric.code.tex)
(/usr/local/texlive/2020/texmf-dist/tex/generic/pgf/math/pgfmathfunctions.rando
m.code.tex)
(/usr/local/texlive/2020/texmf-dist/tex/generic/pgf/math/pgfmathfunctions.compa
rison.code.tex)
(/usr/local/texlive/2020/texmf-dist/tex/generic/pgf/math/pgfmathfunctions.base.
code.tex)
(/usr/local/texlive/2020/texmf-dist/tex/generic/pgf/math/pgfmathfunctions.round
.code.tex)
(/usr/local/texlive/2020/texmf-dist/tex/generic/pgf/math/pgfmathfunctions.misc.
code.tex)
(/usr/local/texlive/2020/texmf-dist/tex/generic/pgf/math/pgfmathfunctions.integ
erarithmetics.code.tex)))
(/usr/local/texlive/2020/texmf-dist/tex/generic/pgf/math/pgfmathfloat.code.tex
\c@pgfmathroundto@lastzeros=\count281
)) (/usr/local/texlive/2020/texmf-dist/tex/generic/pgf/math/pgfint.code.tex)
(/usr/local/texlive/2020/texmf-dist/tex/generic/pgf/basiclayer/pgfcorepoints.co
de.tex
File: pgfcorepoints.code.tex 2020/01/08 v3.1.5b (3.1.5b)
\pgf@picminx=\dimen174
\pgf@picmaxx=\dimen175
\pgf@picminy=\dimen176
\pgf@picmaxy=\dimen177
\pgf@pathminx=\dimen178
\pgf@pathmaxx=\dimen179
\pgf@pathminy=\dimen180
\pgf@pathmaxy=\dimen181
\pgf@xx=\dimen182
\pgf@xy=\dimen183
\pgf@yx=\dimen184
\pgf@yy=\dimen185
\pgf@zx=\dimen186
\pgf@zy=\dimen187
)
(/usr/local/texlive/2020/texmf-dist/tex/generic/pgf/basiclayer/pgfcorepathconst
ruct.code.tex
File: pgfcorepathconstruct.code.tex 2020/01/08 v3.1.5b (3.1.5b)
\pgf@path@lastx=\dimen188
\pgf@path@lasty=\dimen189
)
(/usr/local/texlive/2020/texmf-dist/tex/generic/pgf/basiclayer/pgfcorepathusage
.code.tex
File: pgfcorepathusage.code.tex 2020/01/08 v3.1.5b (3.1.5b)
\pgf@shorten@end@additional=\dimen190
\pgf@shorten@start@additional=\dimen191
)
(/usr/local/texlive/2020/texmf-dist/tex/generic/pgf/basiclayer/pgfcorescopes.co
de.tex
File: pgfcorescopes.code.tex 2020/01/08 v3.1.5b (3.1.5b)
\pgfpic=\box53
\pgf@hbox=\box54
\pgf@layerbox@main=\box55
\pgf@picture@serial@count=\count282
)
(/usr/local/texlive/2020/texmf-dist/tex/generic/pgf/basiclayer/pgfcoregraphicst
ate.code.tex
File: pgfcoregraphicstate.code.tex 2020/01/08 v3.1.5b (3.1.5b)
\pgflinewidth=\dimen192
)
(/usr/local/texlive/2020/texmf-dist/tex/generic/pgf/basiclayer/pgfcoretransform
ations.code.tex
File: pgfcoretransformations.code.tex 2020/01/08 v3.1.5b (3.1.5b)
\pgf@pt@x=\dimen193
\pgf@pt@y=\dimen194
\pgf@pt@temp=\dimen195
)
(/usr/local/texlive/2020/texmf-dist/tex/generic/pgf/basiclayer/pgfcorequick.cod
e.tex
File: pgfcorequick.code.tex 2020/01/08 v3.1.5b (3.1.5b)
)
(/usr/local/texlive/2020/texmf-dist/tex/generic/pgf/basiclayer/pgfcoreobjects.c
ode.tex
File: pgfcoreobjects.code.tex 2020/01/08 v3.1.5b (3.1.5b)
)
(/usr/local/texlive/2020/texmf-dist/tex/generic/pgf/basiclayer/pgfcorepathproce
ssing.code.tex
File: pgfcorepathprocessing.code.tex 2020/01/08 v3.1.5b (3.1.5b)
)
(/usr/local/texlive/2020/texmf-dist/tex/generic/pgf/basiclayer/pgfcorearrows.co
de.tex
File: pgfcorearrows.code.tex 2020/01/08 v3.1.5b (3.1.5b)
\pgfarrowsep=\dimen196
)
(/usr/local/texlive/2020/texmf-dist/tex/generic/pgf/basiclayer/pgfcoreshade.cod
e.tex
File: pgfcoreshade.code.tex 2020/01/08 v3.1.5b (3.1.5b)
\pgf@max=\dimen197
\pgf@sys@shading@range@num=\count283
\pgf@shadingcount=\count284
)
(/usr/local/texlive/2020/texmf-dist/tex/generic/pgf/basiclayer/pgfcoreimage.cod
e.tex
File: pgfcoreimage.code.tex 2020/01/08 v3.1.5b (3.1.5b)

(/usr/local/texlive/2020/texmf-dist/tex/generic/pgf/basiclayer/pgfcoreexternal.
code.tex
File: pgfcoreexternal.code.tex 2020/01/08 v3.1.5b (3.1.5b)
\pgfexternal@startupbox=\box56
))
(/usr/local/texlive/2020/texmf-dist/tex/generic/pgf/basiclayer/pgfcorelayers.co
de.tex
File: pgfcorelayers.code.tex 2020/01/08 v3.1.5b (3.1.5b)
)
(/usr/local/texlive/2020/texmf-dist/tex/generic/pgf/basiclayer/pgfcoretranspare
ncy.code.tex
File: pgfcoretransparency.code.tex 2020/01/08 v3.1.5b (3.1.5b)
)
(/usr/local/texlive/2020/texmf-dist/tex/generic/pgf/basiclayer/pgfcorepatterns.
code.tex
File: pgfcorepatterns.code.tex 2020/01/08 v3.1.5b (3.1.5b)
)
(/usr/local/texlive/2020/texmf-dist/tex/generic/pgf/basiclayer/pgfcorerdf.code.
tex
File: pgfcorerdf.code.tex 2020/01/08 v3.1.5b (3.1.5b)
)))
(/usr/local/texlive/2020/texmf-dist/tex/generic/pgf/modules/pgfmoduleshapes.cod
e.tex
File: pgfmoduleshapes.code.tex 2020/01/08 v3.1.5b (3.1.5b)
\pgfnodeparttextbox=\box57
)
(/usr/local/texlive/2020/texmf-dist/tex/generic/pgf/modules/pgfmoduleplot.code.
tex
File: pgfmoduleplot.code.tex 2020/01/08 v3.1.5b (3.1.5b)
)
(/usr/local/texlive/2020/texmf-dist/tex/latex/pgf/compatibility/pgfcomp-version
-0-65.sty
Package: pgfcomp-version-0-65 2020/01/08 v3.1.5b (3.1.5b)
\pgf@nodesepstart=\dimen198
\pgf@nodesepend=\dimen199
)
(/usr/local/texlive/2020/texmf-dist/tex/latex/pgf/compatibility/pgfcomp-version
-1-18.sty
Package: pgfcomp-version-1-18 2020/01/08 v3.1.5b (3.1.5b)
))
(/usr/local/texlive/2020/texmf-dist/tex/latex/pgf/utilities/pgffor.sty
(/usr/local/texlive/2020/texmf-dist/tex/latex/pgf/utilities/pgfkeys.sty
(/usr/local/texlive/2020/texmf-dist/tex/generic/pgf/utilities/pgfkeys.code.tex)
) (/usr/local/texlive/2020/texmf-dist/tex/latex/pgf/math/pgfmath.sty
(/usr/local/texlive/2020/texmf-dist/tex/generic/pgf/math/pgfmath.code.tex))
(/usr/local/texlive/2020/texmf-dist/tex/generic/pgf/utilities/pgffor.code.tex
Package: pgffor 2020/01/08 v3.1.5b (3.1.5b)

(/usr/local/texlive/2020/texmf-dist/tex/generic/pgf/math/pgfmath.code.tex)
\pgffor@iter=\dimen256
\pgffor@skip=\dimen257
\pgffor@stack=\toks36
\pgffor@toks=\toks37
))
(/usr/local/texlive/2020/texmf-dist/tex/generic/pgf/frontendlayer/tikz/tikz.cod
e.tex
Package: tikz 2020/01/08 v3.1.5b (3.1.5b)

(/usr/local/texlive/2020/texmf-dist/tex/generic/pgf/libraries/pgflibraryplothan
dlers.code.tex
File: pgflibraryplothandlers.code.tex 2020/01/08 v3.1.5b (3.1.5b)
\pgf@plot@mark@count=\count285
\pgfplotmarksize=\dimen258
)
\tikz@lastx=\dimen259
\tikz@lasty=\dimen260
\tikz@lastxsaved=\dimen261
\tikz@lastysaved=\dimen262
\tikz@lastmovetox=\dimen263
\tikz@lastmovetoy=\dimen264
\tikzleveldistance=\dimen265
\tikzsiblingdistance=\dimen266
\tikz@figbox=\box58
\tikz@figbox@bg=\box59
\tikz@tempbox=\box60
\tikz@tempbox@bg=\box61
\tikztreelevel=\count286
\tikznumberofchildren=\count287
\tikznumberofcurrentchild=\count288
\tikz@fig@count=\count289

(/usr/local/texlive/2020/texmf-dist/tex/generic/pgf/modules/pgfmodulematrix.cod
e.tex
File: pgfmodulematrix.code.tex 2020/01/08 v3.1.5b (3.1.5b)
\pgfmatrixcurrentrow=\count290
\pgfmatrixcurrentcolumn=\count291
\pgf@matrix@numberofcolumns=\count292
)
\tikz@expandcount=\count293

(/usr/local/texlive/2020/texmf-dist/tex/generic/pgf/frontendlayer/tikz/librarie
s/tikzlibrarytopaths.code.tex
File: tikzlibrarytopaths.code.tex 2020/01/08 v3.1.5b (3.1.5b)
)))
(/usr/local/texlive/2020/texmf-dist/tex/generic/pgf/frontendlayer/tikz/librarie
s/tikzlibrarypositioning.code.tex
File: tikzlibrarypositioning.code.tex 2020/01/08 v3.1.5b (3.1.5b)
)
(/usr/local/texlive/2020/texmf-dist/tex/generic/pgf/frontendlayer/tikz/librarie
s/tikzlibraryshadows.code.tex
File: tikzlibraryshadows.code.tex 2020/01/08 v3.1.5b (3.1.5b)

(/usr/local/texlive/2020/texmf-dist/tex/generic/pgf/frontendlayer/tikz/librarie
s/tikzlibraryfadings.code.tex
File: tikzlibraryfadings.code.tex 2020/01/08 v3.1.5b (3.1.5b)

(/usr/local/texlive/2020/texmf-dist/tex/generic/pgf/libraries/pgflibraryfadings
.code.tex
File: pgflibraryfadings.code.tex 2020/01/08 v3.1.5b (3.1.5b)
))) (/usr/local/texlive/2020/texmf-dist/tex/latex/tools/calc.sty
Package: calc 2017/05/25 v4.3 Infix arithmetic (KKT,FJ)
\calc@Acount=\count294
\calc@Bcount=\count295
\calc@Adimen=\dimen267
\calc@Bdimen=\dimen268
\calc@Askip=\skip59
\calc@Bskip=\skip60
LaTeX Info: Redefining \setlength on input line 80.
LaTeX Info: Redefining \addtolength on input line 81.
\calc@Ccount=\count296
\calc@Cskip=\skip61
)
\c@@todonotes@numberoftodonotes=\count297
)
(/usr/local/texlive/2020/texmf-dist/tex/latex/l3backend/l3backend-pdfmode.def
File: l3backend-pdfmode.def 2020-03-12 L3 backend support: PDF mode
\l__kernel_color_stack_int=\count298
\l__pdf_internal_box=\box62
)
(./DHP_JoEG_rev1.aux

LaTeX Warning: Label `eq:firststage_Deltalog' multiply defined.

)
\openout1 = `DHP_JoEG_rev1.aux'.

LaTeX Font Info:    Checking defaults for OML/cmm/m/it on input line 98.
LaTeX Font Info:    ... okay on input line 98.
LaTeX Font Info:    Checking defaults for OMS/cmsy/m/n on input line 98.
LaTeX Font Info:    ... okay on input line 98.
LaTeX Font Info:    Checking defaults for OT1/cmr/m/n on input line 98.
LaTeX Font Info:    ... okay on input line 98.
LaTeX Font Info:    Checking defaults for T1/cmr/m/n on input line 98.
LaTeX Font Info:    ... okay on input line 98.
LaTeX Font Info:    Checking defaults for TS1/cmr/m/n on input line 98.
LaTeX Font Info:    ... okay on input line 98.
LaTeX Font Info:    Checking defaults for OMX/cmex/m/n on input line 98.
LaTeX Font Info:    ... okay on input line 98.
LaTeX Font Info:    Checking defaults for U/cmr/m/n on input line 98.
LaTeX Font Info:    ... okay on input line 98.
LaTeX Font Info:    Checking defaults for PD1/pdf/m/n on input line 98.
LaTeX Font Info:    ... okay on input line 98.
 (/usr/local/texlive/2020/texmf-dist/tex/context/base/mkii/supp-pdf.mkii
[Loading MPS to PDF converter (version 2006.09.02).]
\scratchcounter=\count299
\scratchdimen=\dimen269
\scratchbox=\box63
\nofMPsegments=\count300
\nofMParguments=\count301
\everyMPshowfont=\toks38
\MPscratchCnt=\count302
\MPscratchDim=\dimen270
\MPnumerator=\count303
\makeMPintoPDFobject=\count304
\everyMPtoPDFconversion=\toks39
)
\AtBeginShipoutBox=\box64
Package hyperref Info: Link coloring OFF on input line 98.
 (/usr/local/texlive/2020/texmf-dist/tex/latex/hyperref/nameref.sty
Package: nameref 2019/09/16 v2.46 Cross-referencing by name of section

(/usr/local/texlive/2020/texmf-dist/tex/latex/refcount/refcount.sty
Package: refcount 2019/12/15 v3.6 Data extraction from label references (HO)
)
(/usr/local/texlive/2020/texmf-dist/tex/generic/gettitlestring/gettitlestring.s
ty
Package: gettitlestring 2019/12/15 v1.6 Cleanup title references (HO)
)
\c@section@level=\count305
LaTeX Info: Redefining \Ref on input line 520.
)
LaTeX Info: Redefining \ref on input line 98.
LaTeX Info: Redefining \pageref on input line 98.
LaTeX Info: Redefining \nameref on input line 98.
 (./DHP_JoEG_rev1.out) (./DHP_JoEG_rev1.out)
\@outlinefile=\write5
\openout5 = `DHP_JoEG_rev1.out'.

LaTeX Info: Redefining \Ref on input line 98.
Package caption Info: Begin \AtBeginDocument code.
Package caption Info: threeparttable package is loaded.
Package caption Info: End \AtBeginDocument code.

ABD: EveryShipout initializing macros

Package todonotes Warning: The length marginparwidth is less than 2cm and will 
most likely cause issues with the appearance of inserted todonotes. The issue c
an be solved by adding a line like \setlength {\marginparwidth }{2cm} prior to 
loading the todonotes package. on input line 98.

LaTeX Font Info:    Trying to load font information for U+msa on input line 112
.
(/usr/local/texlive/2020/texmf-dist/tex/latex/amsfonts/umsa.fd
File: umsa.fd 2013/01/14 v3.01 AMS symbols A
)
LaTeX Font Info:    Trying to load font information for U+msb on input line 112
.

(/usr/local/texlive/2020/texmf-dist/tex/latex/amsfonts/umsb.fd
File: umsb.fd 2013/01/14 v3.01 AMS symbols B
) [1

{/usr/local/texlive/2020/texmf-var/fonts/map/pdftex/updmap/pdftex.map}]
Overfull \hbox (6.88861pt too wide) in paragraph at lines 138--144
\OT1/cmr/m/n/10.95 advance in transportation, infrastructure development and ne
w communication technologies.
 []


Overfull \hbox (8.43985pt too wide) in paragraph at lines 146--148
\OT1/cmr/m/n/10.95 Importantly, our empirical setting carefully distinguishes b
etween multiplicative and additive
 []

pdfTeX warning (ext4): destination with the same identifier (name{page.1}) has 
been already used, duplicate ignored
<to be read again> 
                   \relax 
l.157 
       [1]

Package natbib Warning: Citation `Lashkaripour-2018' on page 2 undefined on inp
ut line 166.

[2] [3]
Overfull \hbox (3.32993pt too wide) in paragraph at lines 185--191
\OT1/cmr/m/n/10.95 costs annually throughout the period 1974-2013 by transport 
mode, explicitly distinguishing
 []


Overfull \hbox (5.70238pt too wide) in paragraph at lines 198--199
\OT1/cmr/m/n/10.95 Our analysis of transportation costs consists of exploiting 
the difference between commodity-
 []

[4] [5] [6]

Package natbib Warning: Citation `Lashkaripour-2018' on page 7 undefined on inp
ut line 260.

[7]
Overfull \hbox (3.50943pt too wide) in paragraph at lines 298--308
[]\OT1/cmr/m/n/10.95 Since Equation ([]9[]) is non-linear, it cannot be estimat
ed using standard linear estimators.
 []

[8]
LaTeX Font Info:    Trying to load font information for U+bbm on input line 316
.
 (/usr/local/texlive/2020/texmf-dist/tex/latex/bbm-macros/ubbm.fd
File: ubbm.fd 1999/03/15 V 1.2 Font definition for bbm font - TH
)
Overfull \hbox (11.4106pt too wide) in paragraph at lines 337--342
\OT1/cmr/m/n/10.95 dimensions (Equation ([]10[])). From this, we compare the fi
tting properties and the explanatory
 []

[9] (./Table1.tex) [10] [11] [12] [13]

pdfTeX warning: /Library/TeX/texbin/pdflatex (file ./Figure1_share_of_additive_
in_totalTC.pdf): PDF inclusion: found PDF version <1.7>, but at most version <1
.5> allowed
<Figure1_share_of_additive_in_totalTC.pdf, id=535, 788.25197pt x 483.42021pt>
File: Figure1_share_of_additive_in_totalTC.pdf Graphic file (type pdf)
<use Figure1_share_of_additive_in_totalTC.pdf>
Package pdftex.def Info: Figure1_share_of_additive_in_totalTC.pdf  used on inpu
t line 503.
(pdftex.def)             Requested size: 227.61296pt x 142.26103pt.

Overfull \hbox (17.56197pt too wide) in paragraph at lines 509--514
[]\OT1/cmr/m/n/10.95 In both transport modes, the additive component appears of
 sizable importance throughout
 []

[14]
Overfull \hbox (36.80298pt too wide) in paragraph at lines 517--517
[]\OT1/cmr/bx/n/14.4 Transport costs time trends: the role of the additive comp
onent 
 []



pdfTeX warning: /Library/TeX/texbin/pdflatex (file ./Figure2_Trend_of_totalTC_b
ymode.pdf): PDF inclusion: found PDF version <1.7>, but at most version <1.5> a
llowed
<Figure2_Trend_of_totalTC_bymode.pdf, id=556, 426.51472pt x 304.55515pt>
File: Figure2_Trend_of_totalTC_bymode.pdf Graphic file (type pdf)
<use Figure2_Trend_of_totalTC_bymode.pdf>
Package pdftex.def Info: Figure2_Trend_of_totalTC_bymode.pdf  used on input lin
e 533.
(pdftex.def)             Requested size: 398.34668pt x 199.17139pt.
[15 <./Figure1_share_of_additive_in_totalTC.pdf, page is rotated 90 degrees>]
[16 <./Figure2_Trend_of_totalTC_bymode.pdf>]
Overfull \hbox (6.26563pt too wide) in paragraph at lines 571--576
 []\OT1/cmr/bx/n/10.95 Challenging the $\OML/cmm/m/it/10.95 ^^L$\OT1/cmr/bx/n/1
0.95 's constancy assumption[] \OT1/cmr/m/n/10.95 As Figure []1[] (based on the
 yearly estimates
 []


Overfull \hbox (1.62654pt too wide) in paragraph at lines 581--584
\OT1/cmr/m/n/10.95 making use of our first-stage estimates for both the additiv
e and the ad-valorem components
 []



pdfTeX warning: /Library/TeX/texbin/pdflatex (file ./Etude_beta_pondere_air.pdf
): PDF inclusion: found PDF version <1.7>, but at most version <1.5> allowed
<Etude_beta_pondere_air.pdf, id=606, 397.485pt x 289.08pt>
File: Etude_beta_pondere_air.pdf Graphic file (type pdf)
<use Etude_beta_pondere_air.pdf>
Package pdftex.def Info: Etude_beta_pondere_air.pdf  used on input line 592.
(pdftex.def)             Requested size: 216.81607pt x 180.67455pt.


pdfTeX warning: /Library/TeX/texbin/pdflatex (file ./Etude_beta_pondere_ves.pdf
): PDF inclusion: found PDF version <1.7>, but at most version <1.5> allowed
<Etude_beta_pondere_ves.pdf, id=607, 397.485pt x 289.08pt>
File: Etude_beta_pondere_ves.pdf Graphic file (type pdf)
<use Etude_beta_pondere_ves.pdf>
Package pdftex.def Info: Etude_beta_pondere_ves.pdf  used on input line 593.
(pdftex.def)             Requested size: 216.81607pt x 180.67455pt.

Overfull \hbox (30.20064pt too wide) in paragraph at lines 590--596
 [] 
 []

[17] [18 <./Etude_beta_pondere_air.pdf> <./Etude_beta_pondere_ves.pdf>]
[19] [20] [21]
<graph_composition_all.pdf, id=706, 397.485pt x 289.08pt>
File: graph_composition_all.pdf Graphic file (type pdf)
<use graph_composition_all.pdf>
Package pdftex.def Info: graph_composition_all.pdf  used on input line 716.
(pdftex.def)             Requested size: 397.50221pt x 289.07999pt.
 [22 <./graph_composition_all.pdf>] [23]
<figure5_comme_hummels.pdf, id=750, 397.485pt x 289.08pt>
File: figure5_comme_hummels.pdf Graphic file (type pdf)
<use figure5_comme_hummels.pdf>
Package pdftex.def Info: figure5_comme_hummels.pdf  used on input line 761.
(pdftex.def)             Requested size: 180.68007pt x 130.0848pt.
<figure6_comme_hummels.pdf, id=751, 397.485pt x 289.08pt>
File: figure6_comme_hummels.pdf Graphic file (type pdf)
<use figure6_comme_hummels.pdf>
Package pdftex.def Info: figure6_comme_hummels.pdf  used on input line 762.
(pdftex.def)             Requested size: 180.68007pt x 130.0848pt.
<figure5_comme_hummels_base100.pdf, id=752, 397.485pt x 289.08pt>
File: figure5_comme_hummels_base100.pdf Graphic file (type pdf)
<use figure5_comme_hummels_base100.pdf>
Package pdftex.def Info: figure5_comme_hummels_base100.pdf  used on input line 
765.
(pdftex.def)             Requested size: 180.68007pt x 144.53964pt.
<figure6_comme_hummels_base100.pdf, id=753, 397.485pt x 289.08pt>
File: figure6_comme_hummels_base100.pdf Graphic file (type pdf)
<use figure6_comme_hummels_base100.pdf>
Package pdftex.def Info: figure6_comme_hummels_base100.pdf  used on input line 
766.
(pdftex.def)             Requested size: 180.68007pt x 144.53964pt.

Overfull \hbox (1.32236pt too wide) in paragraph at lines 776--779
\OT1/cmr/m/n/10.95 partner indeed modifies the decomposition of the trend reduc
tion of transport costs between
 []

[24 <./figure5_comme_hummels.pdf> <./figure6_comme_hummels.pdf> <./figure5_comm
e_hummels_base100.pdf> <./figure6_comme_hummels_base100.pdf>] [25]
Overfull \hbox (15.25032pt too wide) in paragraph at lines 831--832
[]\OT1/cmr/m/n/10.95 Before jumping to the conclusion that our results are robu
st to the separability assumption,
 []

<graph_robustesse_ns_mp_terme_A_air.pdf, id=820, 397.485pt x 289.08pt>
File: graph_robustesse_ns_mp_terme_A_air.pdf Graphic file (type pdf)
<use graph_robustesse_ns_mp_terme_A_air.pdf>
Package pdftex.def Info: graph_robustesse_ns_mp_terme_A_air.pdf  used on input 
line 840.
(pdftex.def)             Requested size: 216.81607pt x 144.53964pt.
<graph_robustesse_ns_mp_terme_A_ves.pdf, id=821, 397.485pt x 289.08pt>
File: graph_robustesse_ns_mp_terme_A_ves.pdf Graphic file (type pdf)
<use graph_robustesse_ns_mp_terme_A_ves.pdf>
Package pdftex.def Info: graph_robustesse_ns_mp_terme_A_ves.pdf  used on input 
line 841.
(pdftex.def)             Requested size: 216.81607pt x 144.53964pt.
<graph_robustesse_ns_mp_terme_I_air.pdf, id=822, 397.485pt x 289.08pt>
File: graph_robustesse_ns_mp_terme_I_air.pdf Graphic file (type pdf)
<use graph_robustesse_ns_mp_terme_I_air.pdf>
Package pdftex.def Info: graph_robustesse_ns_mp_terme_I_air.pdf  used on input 
line 842.
(pdftex.def)             Requested size: 216.81607pt x 144.53964pt.
<graph_robustesse_ns_mp_terme_I_ves.pdf, id=823, 397.485pt x 289.08pt>
File: graph_robustesse_ns_mp_terme_I_ves.pdf Graphic file (type pdf)
<use graph_robustesse_ns_mp_terme_I_ves.pdf>
Package pdftex.def Info: graph_robustesse_ns_mp_terme_I_ves.pdf  used on input 
line 843.
(pdftex.def)             Requested size: 216.81607pt x 144.53964pt.

Overfull \hbox (30.20064pt too wide) in paragraph at lines 838--846
 [] 
 []

[26 <./graph_robustesse_ns_mp_terme_A_air.pdf> <./graph_robustesse_ns_mp_terme_
A_ves.pdf> <./graph_robustesse_ns_mp_terme_I_air.pdf> <./graph_robustesse_ns_mp
_terme_I_ves.pdf>]

pdfTeX warning: /Library/TeX/texbin/pdflatex (file ./Etude_beta_pond_sitc2separ
e_air.pdf): PDF inclusion: found PDF version <1.6>, but at most version <1.5> a
llowed
<Etude_beta_pond_sitc2separe_air.pdf, id=874, 397.485pt x 289.08pt>
File: Etude_beta_pond_sitc2separe_air.pdf Graphic file (type pdf)
<use Etude_beta_pond_sitc2separe_air.pdf>
Package pdftex.def Info: Etude_beta_pond_sitc2separe_air.pdf  used on input lin
e 866.
(pdftex.def)             Requested size: 199.17262pt x 142.26357pt.


pdfTeX warning: /Library/TeX/texbin/pdflatex (file ./Etude_beta_pond_sitc2ns_ai
r.pdf): PDF inclusion: found PDF version <1.6>, but at most version <1.5> allow
ed
<Etude_beta_pond_sitc2ns_air.pdf, id=875, 397.485pt x 289.08pt>
File: Etude_beta_pond_sitc2ns_air.pdf Graphic file (type pdf)
<use Etude_beta_pond_sitc2ns_air.pdf>
Package pdftex.def Info: Etude_beta_pond_sitc2ns_air.pdf  used on input line 86
7.
(pdftex.def)             Requested size: 199.17262pt x 142.26357pt.


pdfTeX warning: /Library/TeX/texbin/pdflatex (file ./Etude_beta_pond_sitc2separ
e_ves.pdf): PDF inclusion: found PDF version <1.6>, but at most version <1.5> a
llowed
<Etude_beta_pond_sitc2separe_ves.pdf, id=876, 397.485pt x 289.08pt>
File: Etude_beta_pond_sitc2separe_ves.pdf Graphic file (type pdf)
<use Etude_beta_pond_sitc2separe_ves.pdf>
Package pdftex.def Info: Etude_beta_pond_sitc2separe_ves.pdf  used on input lin
e 870.
(pdftex.def)             Requested size: 199.17262pt x 142.26357pt.


pdfTeX warning: /Library/TeX/texbin/pdflatex (file ./Etude_beta_pond_sitc2ns_ve
s.pdf): PDF inclusion: found PDF version <1.6>, but at most version <1.5> allow
ed
<Etude_beta_pond_sitc2ns_ves.pdf, id=877, 397.485pt x 289.08pt>
File: Etude_beta_pond_sitc2ns_ves.pdf Graphic file (type pdf)
<use Etude_beta_pond_sitc2ns_ves.pdf>
Package pdftex.def Info: Etude_beta_pond_sitc2ns_ves.pdf  used on input line 87
1.
(pdftex.def)             Requested size: 199.17262pt x 142.26357pt.

Overfull \hbox (24.85747pt too wide) in paragraph at lines 863--874
 [] 
 []

[27 <./Etude_beta_pond_sitc2separe_air.pdf> <./Etude_beta_pond_sitc2ns_air.pdf>
 <./Etude_beta_pond_sitc2separe_ves.pdf> <./Etude_beta_pond_sitc2ns_ves.pdf>]
Overfull \hbox (4.75247pt too wide) in paragraph at lines 887--890
[]\OT1/cmr/m/n/10.95 Hummels[] ([]2007[]) takes the unweighted average value ov
er the $\OML/cmm/m/it/10.95 i; k$ \OT1/cmr/m/n/10.95 dimension, which implicitl
y
 []

<graph_composition_all_np.pdf, id=934, 397.485pt x 289.08pt>
File: graph_composition_all_np.pdf Graphic file (type pdf)
<use graph_composition_all_np.pdf>
Package pdftex.def Info: graph_composition_all_np.pdf  used on input line 899.
(pdftex.def)             Requested size: 312.97864pt x 227.62204pt.
[28 <./graph_composition_all_np.pdf>]

pdfTeX warning: /Library/TeX/texbin/pdflatex (file ./comp_IV_SITC5.pdf): PDF in
clusion: found PDF version <1.6>, but at most version <1.5> allowed
<comp_IV_SITC5.pdf, id=980, 845.1575pt x 597.45204pt>
File: comp_IV_SITC5.pdf Graphic file (type pdf)
<use comp_IV_SITC5.pdf>
Package pdftex.def Info: comp_IV_SITC5.pdf  used on input line 921.
(pdftex.def)             Requested size: 322.00143pt x 227.62204pt.
[29] [30 <./comp_IV_SITC5.pdf, page is rotated 90 degrees>]
Overfull \hbox (4.40994pt too wide) in paragraph at lines 960--961
 []\OT1/cmr/bx/n/10.95 Profit-maximizing behaviors[] \OT1/cmr/m/n/10.95 Once en
tered, a firm adopts a pricing-to-market behavior
 []

[31] [32] [33]
Overfull \hbox (12.19136pt too wide) detected at line 1050
\OML/cmm/m/it/10.95 P \OT1/cmr/m/n/10.95 = [] [][]
 []

[34]
Overfull \hbox (18.14091pt too wide) in paragraph at lines 1063--1064
[]\OT1/cmr/m/n/10.95 With $[] \OMS/cmsy/m/n/10.95 ^^Q [][]$ \OT1/cmr/m/n/10.95 
the weighted average of firm productivities
 []

[35]
Overfull \hbox (1.96835pt too wide) in paragraph at lines 1097--1098
 []\OT1/cmr/bx/n/10.95 Summary[] \OT1/cmr/m/n/10.95 Equations ([]24[]), ([]25[]
), ([]28[]), ([]22[]) and ([]27[]) determine a system of interdependent
 []

(./donnees_calibration.tex)
Overfull \hbox (30.72794pt too wide) in paragraph at lines 1--1108
 [] 
 []

[36] (./table_calibTC_combined.tex) [37]
Overfull \hbox (30.43692pt too wide) in paragraph at lines 1142--1156
 [] 
 []

[38] [39] (./DHP_JoEG_rev1.bbl [40]) [41]
Overfull \hbox (6.00356pt too wide) in paragraph at lines 1224--1227
[]\OT1/cmr/m/n/10.95 The cif (cost, insurance, and freight) value represents th
e landed value of the merchandise
 []

[42

]
Overfull \hbox (11.35982pt too wide) in paragraph at lines 1247--1276
 [] 
 []


Overfull \hbox (11.35982pt too wide) in paragraph at lines 1284--1314
 [] 
 []


Overfull \hbox (0.77486pt too wide) in paragraph at lines 1320--1339
\OT1/cmr/m/n/10.95 additive costs) in fitting the observed cif-fas prices gap, 
in order to deliver a more systematic
 []

[43

]
Overfull \hbox (3.93823pt too wide) in paragraph at lines 1423--1429
\OT1/cmr/m/n/10.95 This is especially true for the model restricting transport 
cost to their ad-valorem dimension,
 []

[44] [45]

pdfTeX warning: /Library/TeX/texbin/pdflatex (file ./variance_decomposition.pdf
): PDF inclusion: found PDF version <1.7>, but at most version <1.5> allowed
<variance_decomposition.pdf, id=1222, 845.1575pt x 597.23125pt>
File: variance_decomposition.pdf Graphic file (type pdf)
<use variance_decomposition.pdf>
Package pdftex.def Info: variance_decomposition.pdf  used on input line 1456.
(pdftex.def)             Requested size: 284.52551pt x 199.16467pt.
[46]
Overfull \hbox (1.47322pt too wide) in paragraph at lines 1474--1475
\OT1/cmr/m/n/10.95 We report here the first-stage procedure and estimates under
lying the IV estimates reported
 []

[47 <./variance_decomposition.pdf, page is rotated 90 degrees>] [48]
Overfull \hbox (49.29393pt too wide) in paragraph at lines 1537--1553
 [][] 
 []



pdfTeX warning: /Library/TeX/texbin/pdflatex (file ./beta_lag_SITC5.pdf): PDF i
nclusion: found PDF version <1.6>, but at most version <1.5> allowed
<beta_lag_SITC5.pdf, id=1263, 397.485pt x 289.08pt>
File: beta_lag_SITC5.pdf Graphic file (type pdf)
<use beta_lag_SITC5.pdf>
Package pdftex.def Info: beta_lag_SITC5.pdf  used on input line 1563.
(pdftex.def)             Requested size: 231.26927pt x 168.19583pt.


pdfTeX warning: /Library/TeX/texbin/pdflatex (file ./alpha_tariff_SITC5.pdf): P
DF inclusion: found PDF version <1.6>, but at most version <1.5> allowed
<alpha_tariff_SITC5.pdf, id=1264, 397.485pt x 289.08pt>
File: alpha_tariff_SITC5.pdf Graphic file (type pdf)
<use alpha_tariff_SITC5.pdf>
Package pdftex.def Info: alpha_tariff_SITC5.pdf  used on input line 1564.
(pdftex.def)             Requested size: 231.26927pt x 168.19583pt.

Overfull \hbox (59.10704pt too wide) in paragraph at lines 1561--1566
 [] 
 []


Overfull \hbox (9.40303pt too wide) in paragraph at lines 1573--1574
\OT1/cmr/m/n/10.95 average, fas prices exhibit substantial persistence. The F-s
tatistic on the excluded instrument
 []

[49 <./beta_lag_SITC5.pdf> <./alpha_tariff_SITC5.pdf>]
Overfull \hbox (13.60127pt too wide) in paragraph at lines 1579--1580
 []\OT1/cmr/bx/n/10.95 First-stage estimates based on HS10 data.[] \OT1/cmr/m/n
/10.95 Here we replicate our first-stage estimations
 []


Overfull \hbox (49.29393pt too wide) in paragraph at lines 1584--1600
 [][] 
 []



pdfTeX warning: /Library/TeX/texbin/pdflatex (file ./beta_lag_HS10.pdf): PDF in
clusion: found PDF version <1.6>, but at most version <1.5> allowed
<beta_lag_HS10.pdf, id=1302, 397.485pt x 289.08pt>
File: beta_lag_HS10.pdf Graphic file (type pdf)
<use beta_lag_HS10.pdf>
Package pdftex.def Info: beta_lag_HS10.pdf  used on input line 1607.
(pdftex.def)             Requested size: 231.26927pt x 168.19583pt.


pdfTeX warning: /Library/TeX/texbin/pdflatex (file ./alpha_tariff_HS10.pdf): PD
F inclusion: found PDF version <1.6>, but at most version <1.5> allowed
<alpha_tariff_HS10.pdf, id=1303, 397.485pt x 289.08pt>
File: alpha_tariff_HS10.pdf Graphic file (type pdf)
<use alpha_tariff_HS10.pdf>
Package pdftex.def Info: alpha_tariff_HS10.pdf  used on input line 1608.
(pdftex.def)             Requested size: 231.26927pt x 168.19583pt.

Overfull \hbox (59.10704pt too wide) in paragraph at lines 1605--1610
 [] 
 []

[50 <./beta_lag_HS10.pdf> <./alpha_tariff_HS10.pdf>] [51] [52

] [53] [54

]

Package hyperref Warning: Token not allowed in a PDF string (PDFDocEncoding):
(hyperref)                removing `\begingroup' on input line 1859.


Package hyperref Warning: Token not allowed in a PDF string (PDFDocEncoding):
(hyperref)                removing `\<let>-command' on input line 1859.


Package hyperref Warning: Token not allowed in a PDF string (PDFDocEncoding):
(hyperref)                removing `\NAT@ctype' on input line 1859.


Package hyperref Warning: Token not allowed in a PDF string (PDFDocEncoding):
(hyperref)                removing `\z@' on input line 1859.


Package hyperref Warning: Token not allowed in a PDF string (PDFDocEncoding):
(hyperref)                removing `\let' on input line 1859.


Package hyperref Warning: Token not allowed in a PDF string (PDFDocEncoding):
(hyperref)                removing `\let' on input line 1859.


Package hyperref Warning: Token not allowed in a PDF string (PDFDocEncoding):
(hyperref)                removing `\new@ifnextchar' on input line 1859.


Overfull \hbox (13.24278pt too wide) in paragraph at lines 1882--1883
[]\OT1/cmr/m/n/10.95 After estimating Equation ([]37[]), []Hummels[] ([]2007[])
 uses the predicted value of the regression,
 []

[55]
Overfull \hbox (8.88602pt too wide) in paragraph at lines 1884--1890
\OT1/cmr/m/n/10.95 underlined. First, []Hummels[] ([]2007[]) obtains the fitted
 ad-valorem rate in one step (considering
 []


Overfull \hbox (7.34189pt too wide) in paragraph at lines 1903--1906
[]\OT1/cmr/m/n/10.95 One last difference remains to be commented, concerning th
e way the additive component
 []

[56] [57] [58]
Overfull \hbox (12.6047pt too wide) in paragraph at lines 1989--1990
\OT1/cmr/m/n/10.95 can be rewritten as a system of four equations in four endog
enous variables: $[]$
 []


Overfull \hbox (19.95328pt too wide) in alignment at lines 1991--1996
 [][][] []
 []

[59]

Package natbib Warning: There were undefined citations.

[60]
Package atveryend Info: Empty hook `BeforeClearDocument' on input line 2003.
Package atveryend Info: Empty hook `AfterLastShipout' on input line 2003.
 (./DHP_JoEG_rev1.aux

Package natbib Warning: Citation(s) may have changed.
(natbib)                Rerun to get citations correct.

)
Package atveryend Info: Executing hook `AtVeryEndDocument' on input line 2003.
Package atveryend Info: Executing hook `AtEndAfterFileList' on input line 2003.



Package rerunfilecheck Warning: File `DHP_JoEG_rev1.out' has changed.
(rerunfilecheck)                Rerun to get outlines right
(rerunfilecheck)                or use package `bookmark'.

Package rerunfilecheck Info: Checksums for `DHP_JoEG_rev1.out':
(rerunfilecheck)             Before: 0343E4207F6DF0A895A0B6964F690664;3580
(rerunfilecheck)             After:  DF28EA34E7220AC8B34DDC807D4C5EAC;3537.

LaTeX Warning: There were multiply-defined labels.

Package atveryend Info: Empty hook `AtVeryVeryEnd' on input line 2003.
 ) 
Here is how much of TeX's memory you used:
 20162 strings out of 480608
 378401 string characters out of 5903631
 651191 words of memory out of 5000000
 35309 multiletter control sequences out of 15000+600000
 550386 words of font info for 94 fonts, out of 8000000 for 9000
 1141 hyphenation exceptions out of 8191
 68i,17n,83p,2679b,511s stack positions out of 5000i,500n,10000p,200000b,80000s
 </Users/guillaumedaudin/Library/texlive/2020/texmf-var/fonts/pk/ljfour/publi
c/bbm/bbm10.657pk> </Users/guillaumedaudin/Library/texlive/2020/texmf-var/fonts
/pk/ljfour/public/bbm/bbm9.600pk>{/usr/local/texlive/2020/texmf-dist/fonts/enc/
dvips/cm-super/cm-super-ts1.enc}</usr/local/texlive/2020/texmf-dist/fonts/type1
/public/amsfonts/cm/cmbx10.pfb></usr/local/texlive/2020/texmf-dist/fonts/type1/
public/amsfonts/cm/cmbx12.pfb></usr/local/texlive/2020/texmf-dist/fonts/type1/p
ublic/amsfonts/cm/cmbx8.pfb></usr/local/texlive/2020/texmf-dist/fonts/type1/pub
lic/amsfonts/cm/cmbx9.pfb></usr/local/texlive/2020/texmf-dist/fonts/type1/publi
c/amsfonts/cm/cmcsc10.pfb></usr/local/texlive/2020/texmf-dist/fonts/type1/publi
c/amsfonts/cm/cmex10.pfb></usr/local/texlive/2020/texmf-dist/fonts/type1/public
/amsfonts/cmextra/cmex7.pfb></usr/local/texlive/2020/texmf-dist/fonts/type1/pub
lic/amsfonts/cmextra/cmex8.pfb></usr/local/texlive/2020/texmf-dist/fonts/type1/
public/amsfonts/cmextra/cmex9.pfb></usr/local/texlive/2020/texmf-dist/fonts/typ
e1/public/amsfonts/cm/cmmi10.pfb></usr/local/texlive/2020/texmf-dist/fonts/type
1/public/amsfonts/cm/cmmi5.pfb></usr/local/texlive/2020/texmf-dist/fonts/type1/
public/amsfonts/cm/cmmi6.pfb></usr/local/texlive/2020/texmf-dist/fonts/type1/pu
blic/amsfonts/cm/cmmi8.pfb></usr/local/texlive/2020/texmf-dist/fonts/type1/publ
ic/amsfonts/cm/cmmi9.pfb></usr/local/texlive/2020/texmf-dist/fonts/type1/public
/amsfonts/cm/cmr10.pfb></usr/local/texlive/2020/texmf-dist/fonts/type1/public/a
msfonts/cm/cmr12.pfb></usr/local/texlive/2020/texmf-dist/fonts/type1/public/ams
fonts/cm/cmr5.pfb></usr/local/texlive/2020/texmf-dist/fonts/type1/public/amsfon
ts/cm/cmr6.pfb></usr/local/texlive/2020/texmf-dist/fonts/type1/public/amsfonts/
cm/cmr8.pfb></usr/local/texlive/2020/texmf-dist/fonts/type1/public/amsfonts/cm/
cmr9.pfb></usr/local/texlive/2020/texmf-dist/fonts/type1/public/amsfonts/cm/cms
y10.pfb></usr/local/texlive/2020/texmf-dist/fonts/type1/public/amsfonts/cm/cmsy
6.pfb></usr/local/texlive/2020/texmf-dist/fonts/type1/public/amsfonts/cm/cmsy8.
pfb></usr/local/texlive/2020/texmf-dist/fonts/type1/public/amsfonts/cm/cmsy9.pf
b></usr/local/texlive/2020/texmf-dist/fonts/type1/public/amsfonts/cm/cmti10.pfb
></usr/local/texlive/2020/texmf-dist/fonts/type1/public/amsfonts/cm/cmti9.pfb><
/usr/local/texlive/2020/texmf-dist/fonts/type1/public/amsfonts/cm/cmtt10.pfb></
usr/local/texlive/2020/texmf-dist/fonts/type1/public/amsfonts/cm/cmtt9.pfb></us
r/local/texlive/2020/texmf-dist/fonts/type1/public/cm-super/sfrm0600.pfb></usr/
local/texlive/2020/texmf-dist/fonts/type1/public/cm-super/sfrm0800.pfb></usr/lo
cal/texlive/2020/texmf-dist/fonts/type1/public/cm-super/sfrm1200.pfb>
Output written on DHP_JoEG_rev1.pdf (61 pages, 2145147 bytes).
PDF statistics:
 1627 PDF objects out of 1728 (max. 8388607)
 1383 compressed objects within 14 object streams
 255 named destinations out of 1000 (max. 500000)
 573 words of extra memory for PDF output out of 10000 (max. 10000000)

